<?xml version="1.0" encoding="UTF-8"?>
<testsuite xmlns:xsi="http://www.w3.org/2001/XMLSchema-instance" xsi:noNamespaceSchemaLocation="https://maven.apache.org/surefire/maven-surefire-plugin/xsd/surefire-test-report.xsd" name="com.bl.bootcamp.msproductos.MsproductosApplicationTests" time="17.953" tests="1" errors="0" skipped="0" failures="0">
  <properties>
    <property name="java.specification.version" value="17"/>
    <property name="sun.cpu.isalist" value="amd64"/>
    <property name="sun.jnu.encoding" value="Cp1252"/>
    <property name="java.class.path" value="c:\bl-gitlab\ProyectoBL\msproductos\target\test-classes;c:\bl-gitlab\ProyectoBL\msproductos\target\classes;C:\athlas_sdk\maven\.m2\repository\org\springframework\boot\spring-boot-starter-web\2.6.6\spring-boot-starter-web-2.6.6.jar;C:\athlas_sdk\maven\.m2\repository\org\springframework\boot\spring-boot-starter\2.6.6\spring-boot-starter-2.6.6.jar;C:\athlas_sdk\maven\.m2\repository\org\springframework\boot\spring-boot\2.6.6\spring-boot-2.6.6.jar;C:\athlas_sdk\maven\.m2\repository\org\springframework\boot\spring-boot-autoconfigure\2.6.6\spring-boot-autoconfigure-2.6.6.jar;C:\athlas_sdk\maven\.m2\repository\org\springframework\boot\spring-boot-starter-logging\2.6.6\spring-boot-starter-logging-2.6.6.jar;C:\athlas_sdk\maven\.m2\repository\org\apache\logging\log4j\log4j-to-slf4j\2.17.2\log4j-to-slf4j-2.17.2.jar;C:\athlas_sdk\maven\.m2\repository\org\apache\logging\log4j\log4j-api\2.17.2\log4j-api-2.17.2.jar;C:\athlas_sdk\maven\.m2\repository\org\slf4j\jul-to-slf4j\1.7.36\jul-to-slf4j-1.7.36.jar;C:\athlas_sdk\maven\.m2\repository\jakarta\annotation\jakarta.annotation-api\1.3.5\jakarta.annotation-api-1.3.5.jar;C:\athlas_sdk\maven\.m2\repository\org\yaml\snakeyaml\1.29\snakeyaml-1.29.jar;C:\athlas_sdk\maven\.m2\repository\org\springframework\boot\spring-boot-starter-json\2.6.6\spring-boot-starter-json-2.6.6.jar;C:\athlas_sdk\maven\.m2\repository\com\fasterxml\jackson\datatype\jackson-datatype-jdk8\2.13.2\jackson-datatype-jdk8-2.13.2.jar;C:\athlas_sdk\maven\.m2\repository\com\fasterxml\jackson\datatype\jackson-datatype-jsr310\2.13.2\jackson-datatype-jsr310-2.13.2.jar;C:\athlas_sdk\maven\.m2\repository\com\fasterxml\jackson\module\jackson-module-parameter-names\2.13.2\jackson-module-parameter-names-2.13.2.jar;C:\athlas_sdk\maven\.m2\repository\org\springframework\boot\spring-boot-starter-tomcat\2.6.6\spring-boot-starter-tomcat-2.6.6.jar;C:\athlas_sdk\maven\.m2\repository\org\apache\tomcat\embed\tomcat-embed-core\9.0.60\tomcat-embed-core-9.0.60.jar;C:\athlas_sdk\maven\.m2\repository\org\apache\tomcat\embed\tomcat-embed-el\9.0.60\tomcat-embed-el-9.0.60.jar;C:\athlas_sdk\maven\.m2\repository\org\apache\tomcat\embed\tomcat-embed-websocket\9.0.60\tomcat-embed-websocket-9.0.60.jar;C:\athlas_sdk\maven\.m2\repository\org\springframework\spring-web\5.3.18\spring-web-5.3.18.jar;C:\athlas_sdk\maven\.m2\repository\org\springframework\spring-beans\5.3.18\spring-beans-5.3.18.jar;C:\athlas_sdk\maven\.m2\repository\org\springframework\spring-webmvc\5.3.18\spring-webmvc-5.3.18.jar;C:\athlas_sdk\maven\.m2\repository\org\springframework\spring-aop\5.3.18\spring-aop-5.3.18.jar;C:\athlas_sdk\maven\.m2\repository\org\springframework\spring-expression\5.3.18\spring-expression-5.3.18.jar;C:\athlas_sdk\maven\.m2\repository\org\mybatis\spring\boot\mybatis-spring-boot-starter\2.2.0\mybatis-spring-boot-starter-2.2.0.jar;C:\athlas_sdk\maven\.m2\repository\org\springframework\boot\spring-boot-starter-jdbc\2.6.6\spring-boot-starter-jdbc-2.6.6.jar;C:\athlas_sdk\maven\.m2\repository\com\zaxxer\HikariCP\4.0.3\HikariCP-4.0.3.jar;C:\athlas_sdk\maven\.m2\repository\org\springframework\spring-jdbc\5.3.18\spring-jdbc-5.3.18.jar;C:\athlas_sdk\maven\.m2\repository\org\mybatis\spring\boot\mybatis-spring-boot-autoconfigure\2.2.0\mybatis-spring-boot-autoconfigure-2.2.0.jar;C:\athlas_sdk\maven\.m2\repository\org\mybatis\mybatis\3.5.7\mybatis-3.5.7.jar;C:\athlas_sdk\maven\.m2\repository\org\mybatis\mybatis-spring\2.0.6\mybatis-spring-2.0.6.jar;C:\athlas_sdk\maven\.m2\repository\mysql\mysql-connector-java\8.0.29\mysql-connector-java-8.0.29.jar;C:\athlas_sdk\maven\.m2\repository\org\projectlombok\lombok\1.18.22\lombok-1.18.22.jar;C:\athlas_sdk\maven\.m2\repository\org\springframework\boot\spring-boot-starter-test\2.6.6\spring-boot-starter-test-2.6.6.jar;C:\athlas_sdk\maven\.m2\repository\org\springframework\boot\spring-boot-test\2.6.6\spring-boot-test-2.6.6.jar;C:\athlas_sdk\maven\.m2\repository\org\springframework\boot\spring-boot-test-autoconfigure\2.6.6\spring-boot-test-autoconfigure-2.6.6.jar;C:\athlas_sdk\maven\.m2\repository\com\jayway\jsonpath\json-path\2.6.0\json-path-2.6.0.jar;C:\athlas_sdk\maven\.m2\repository\net\minidev\json-smart\2.4.8\json-smart-2.4.8.jar;C:\athlas_sdk\maven\.m2\repository\net\minidev\accessors-smart\2.4.8\accessors-smart-2.4.8.jar;C:\athlas_sdk\maven\.m2\repository\org\ow2\asm\asm\9.1\asm-9.1.jar;C:\athlas_sdk\maven\.m2\repository\org\slf4j\slf4j-api\1.7.36\slf4j-api-1.7.36.jar;C:\athlas_sdk\maven\.m2\repository\jakarta\xml\bind\jakarta.xml.bind-api\2.3.3\jakarta.xml.bind-api-2.3.3.jar;C:\athlas_sdk\maven\.m2\repository\jakarta\activation\jakarta.activation-api\1.2.2\jakarta.activation-api-1.2.2.jar;C:\athlas_sdk\maven\.m2\repository\org\assertj\assertj-core\3.21.0\assertj-core-3.21.0.jar;C:\athlas_sdk\maven\.m2\repository\org\hamcrest\hamcrest\2.2\hamcrest-2.2.jar;C:\athlas_sdk\maven\.m2\repository\org\junit\jupiter\junit-jupiter\5.8.2\junit-jupiter-5.8.2.jar;C:\athlas_sdk\maven\.m2\repository\org\junit\jupiter\junit-jupiter-api\5.8.2\junit-jupiter-api-5.8.2.jar;C:\athlas_sdk\maven\.m2\repository\org\opentest4j\opentest4j\1.2.0\opentest4j-1.2.0.jar;C:\athlas_sdk\maven\.m2\repository\org\junit\platform\junit-platform-commons\1.8.2\junit-platform-commons-1.8.2.jar;C:\athlas_sdk\maven\.m2\repository\org\apiguardian\apiguardian-api\1.1.2\apiguardian-api-1.1.2.jar;C:\athlas_sdk\maven\.m2\repository\org\junit\jupiter\junit-jupiter-params\5.8.2\junit-jupiter-params-5.8.2.jar;C:\athlas_sdk\maven\.m2\repository\org\junit\jupiter\junit-jupiter-engine\5.8.2\junit-jupiter-engine-5.8.2.jar;C:\athlas_sdk\maven\.m2\repository\org\junit\platform\junit-platform-engine\1.8.2\junit-platform-engine-1.8.2.jar;C:\athlas_sdk\maven\.m2\repository\org\mockito\mockito-core\4.0.0\mockito-core-4.0.0.jar;C:\athlas_sdk\maven\.m2\repository\net\bytebuddy\byte-buddy\1.11.22\byte-buddy-1.11.22.jar;C:\athlas_sdk\maven\.m2\repository\net\bytebuddy\byte-buddy-agent\1.11.22\byte-buddy-agent-1.11.22.jar;C:\athlas_sdk\maven\.m2\repository\org\objenesis\objenesis\3.2\objenesis-3.2.jar;C:\athlas_sdk\maven\.m2\repository\org\mockito\mockito-junit-jupiter\4.0.0\mockito-junit-jupiter-4.0.0.jar;C:\athlas_sdk\maven\.m2\repository\org\skyscreamer\jsonassert\1.5.0\jsonassert-1.5.0.jar;C:\athlas_sdk\maven\.m2\repository\com\vaadin\external\google\android-json\0.0.20131108.vaadin1\android-json-0.0.20131108.vaadin1.jar;C:\athlas_sdk\maven\.m2\repository\org\springframework\spring-core\5.3.18\spring-core-5.3.18.jar;C:\athlas_sdk\maven\.m2\repository\org\springframework\spring-jcl\5.3.18\spring-jcl-5.3.18.jar;C:\athlas_sdk\maven\.m2\repository\org\springframework\spring-test\5.3.18\spring-test-5.3.18.jar;C:\athlas_sdk\maven\.m2\repository\org\xmlunit\xmlunit-core\2.8.4\xmlunit-core-2.8.4.jar;C:\athlas_sdk\maven\.m2\repository\org\keycloak\keycloak-spring-boot-starter\18.0.0\keycloak-spring-boot-starter-18.0.0.jar;C:\athlas_sdk\maven\.m2\repository\org\keycloak\keycloak-spring-boot-2-adapter\18.0.0\keycloak-spring-boot-2-adapter-18.0.0.jar;C:\athlas_sdk\maven\.m2\repository\org\keycloak\keycloak-spring-boot-adapter-core\18.0.0\keycloak-spring-boot-adapter-core-18.0.0.jar;C:\athlas_sdk\maven\.m2\repository\org\jboss\logging\jboss-logging\3.4.3.Final\jboss-logging-3.4.3.Final.jar;C:\athlas_sdk\maven\.m2\repository\org\keycloak\keycloak-core\18.0.0\keycloak-core-18.0.0.jar;C:\athlas_sdk\maven\.m2\repository\org\keycloak\keycloak-common\18.0.0\keycloak-common-18.0.0.jar;C:\athlas_sdk\maven\.m2\repository\com\sun\activation\jakarta.activation\1.2.2\jakarta.activation-1.2.2.jar;C:\athlas_sdk\maven\.m2\repository\org\bouncycastle\bcpkix-jdk15on\1.68\bcpkix-jdk15on-1.68.jar;C:\athlas_sdk\maven\.m2\repository\org\keycloak\keycloak-authz-client\18.0.0\keycloak-authz-client-18.0.0.jar;C:\athlas_sdk\maven\.m2\repository\org\apache\httpcomponents\httpclient\4.5.13\httpclient-4.5.13.jar;C:\athlas_sdk\maven\.m2\repository\commons-codec\commons-codec\1.15\commons-codec-1.15.jar;C:\athlas_sdk\maven\.m2\repository\org\keycloak\spring-boot-container-bundle\18.0.0\spring-boot-container-bundle-18.0.0.jar;C:\athlas_sdk\maven\.m2\repository\org\keycloak\keycloak-adapter-core\18.0.0\keycloak-adapter-core-18.0.0.jar;C:\athlas_sdk\maven\.m2\repository\org\keycloak\keycloak-spring-security-adapter\18.0.0\keycloak-spring-security-adapter-18.0.0.jar;C:\athlas_sdk\maven\.m2\repository\org\keycloak\keycloak-adapter-spi\18.0.0\keycloak-adapter-spi-18.0.0.jar;C:\athlas_sdk\maven\.m2\repository\org\bouncycastle\bcprov-jdk15on\1.68\bcprov-jdk15on-1.68.jar;C:\athlas_sdk\maven\.m2\repository\com\fasterxml\jackson\core\jackson-core\2.13.2\jackson-core-2.13.2.jar;C:\athlas_sdk\maven\.m2\repository\com\fasterxml\jackson\core\jackson-annotations\2.13.2\jackson-annotations-2.13.2.jar;C:\athlas_sdk\maven\.m2\repository\org\springframework\cloud\spring-cloud-starter-bootstrap\3.1.1\spring-cloud-starter-bootstrap-3.1.1.jar;C:\athlas_sdk\maven\.m2\repository\org\springframework\cloud\spring-cloud-starter\3.1.1\spring-cloud-starter-3.1.1.jar;C:\athlas_sdk\maven\.m2\repository\org\springframework\cloud\spring-cloud-context\3.1.1\spring-cloud-context-3.1.1.jar;C:\athlas_sdk\maven\.m2\repository\org\springframework\security\spring-security-rsa\1.0.10.RELEASE\spring-security-rsa-1.0.10.RELEASE.jar;C:\athlas_sdk\maven\.m2\repository\org\springframework\cloud\spring-cloud-starter-config\3.1.1\spring-cloud-starter-config-3.1.1.jar;C:\athlas_sdk\maven\.m2\repository\org\springframework\cloud\spring-cloud-config-client\3.1.1\spring-cloud-config-client-3.1.1.jar;C:\athlas_sdk\maven\.m2\repository\com\fasterxml\jackson\core\jackson-databind\2.13.2.2\jackson-databind-2.13.2.2.jar;C:\athlas_sdk\maven\.m2\repository\org\springframework\cloud\spring-cloud-starter-consul-discovery\3.1.0\spring-cloud-starter-consul-discovery-3.1.0.jar;C:\athlas_sdk\maven\.m2\repository\org\springframework\cloud\spring-cloud-starter-consul\3.1.0\spring-cloud-starter-consul-3.1.0.jar;C:\athlas_sdk\maven\.m2\repository\org\springframework\cloud\spring-cloud-consul-core\3.1.0\spring-cloud-consul-core-3.1.0.jar;C:\athlas_sdk\maven\.m2\repository\org\springframework\boot\spring-boot-starter-validation\2.6.6\spring-boot-starter-validation-2.6.6.jar;C:\athlas_sdk\maven\.m2\repository\org\hibernate\validator\hibernate-validator\6.2.3.Final\hibernate-validator-6.2.3.Final.jar;C:\athlas_sdk\maven\.m2\repository\com\fasterxml\classmate\1.5.1\classmate-1.5.1.jar;C:\athlas_sdk\maven\.m2\repository\com\ecwid\consul\consul-api\1.4.5\consul-api-1.4.5.jar;C:\athlas_sdk\maven\.m2\repository\com\google\code\gson\gson\2.8.9\gson-2.8.9.jar;C:\athlas_sdk\maven\.m2\repository\org\apache\httpcomponents\httpcore\4.4.15\httpcore-4.4.15.jar;C:\athlas_sdk\maven\.m2\repository\org\springframework\cloud\spring-cloud-consul-discovery\3.1.0\spring-cloud-consul-discovery-3.1.0.jar;C:\athlas_sdk\maven\.m2\repository\org\springframework\cloud\spring-cloud-starter-loadbalancer\3.1.1\spring-cloud-starter-loadbalancer-3.1.1.jar;C:\athlas_sdk\maven\.m2\repository\org\springframework\cloud\spring-cloud-loadbalancer\3.1.1\spring-cloud-loadbalancer-3.1.1.jar;C:\athlas_sdk\maven\.m2\repository\io\projectreactor\reactor-core\3.4.16\reactor-core-3.4.16.jar;C:\athlas_sdk\maven\.m2\repository\org\reactivestreams\reactive-streams\1.0.3\reactive-streams-1.0.3.jar;C:\athlas_sdk\maven\.m2\repository\io\projectreactor\addons\reactor-extra\3.4.7\reactor-extra-3.4.7.jar;C:\athlas_sdk\maven\.m2\repository\org\springframework\boot\spring-boot-starter-cache\2.6.6\spring-boot-starter-cache-2.6.6.jar;C:\athlas_sdk\maven\.m2\repository\org\springframework\spring-context-support\5.3.18\spring-context-support-5.3.18.jar;C:\athlas_sdk\maven\.m2\repository\com\stoyanr\evictor\1.0.0\evictor-1.0.0.jar;C:\athlas_sdk\maven\.m2\repository\org\springframework\boot\spring-boot-starter-actuator\2.6.6\spring-boot-starter-actuator-2.6.6.jar;C:\athlas_sdk\maven\.m2\repository\org\springframework\boot\spring-boot-actuator-autoconfigure\2.6.6\spring-boot-actuator-autoconfigure-2.6.6.jar;C:\athlas_sdk\maven\.m2\repository\org\springframework\boot\spring-boot-actuator\2.6.6\spring-boot-actuator-2.6.6.jar;C:\athlas_sdk\maven\.m2\repository\io\micrometer\micrometer-core\1.8.4\micrometer-core-1.8.4.jar;C:\athlas_sdk\maven\.m2\repository\org\hdrhistogram\HdrHistogram\2.1.12\HdrHistogram-2.1.12.jar;C:\athlas_sdk\maven\.m2\repository\org\latencyutils\LatencyUtils\2.0.3\LatencyUtils-2.0.3.jar;C:\athlas_sdk\maven\.m2\repository\org\springframework\cloud\spring-cloud-starter-sleuth\3.1.1\spring-cloud-starter-sleuth-3.1.1.jar;C:\athlas_sdk\maven\.m2\repository\org\springframework\boot\spring-boot-starter-aop\2.6.6\spring-boot-starter-aop-2.6.6.jar;C:\athlas_sdk\maven\.m2\repository\org\aspectj\aspectjweaver\1.9.7\aspectjweaver-1.9.7.jar;C:\athlas_sdk\maven\.m2\repository\org\springframework\cloud\spring-cloud-sleuth-autoconfigure\3.1.1\spring-cloud-sleuth-autoconfigure-3.1.1.jar;C:\athlas_sdk\maven\.m2\repository\org\aspectj\aspectjrt\1.9.7\aspectjrt-1.9.7.jar;C:\athlas_sdk\maven\.m2\repository\org\springframework\cloud\spring-cloud-sleuth-brave\3.1.1\spring-cloud-sleuth-brave-3.1.1.jar;C:\athlas_sdk\maven\.m2\repository\io\zipkin\brave\brave\5.13.7\brave-5.13.7.jar;C:\athlas_sdk\maven\.m2\repository\io\zipkin\brave\brave-context-slf4j\5.13.7\brave-context-slf4j-5.13.7.jar;C:\athlas_sdk\maven\.m2\repository\io\zipkin\brave\brave-instrumentation-messaging\5.13.7\brave-instrumentation-messaging-5.13.7.jar;C:\athlas_sdk\maven\.m2\repository\io\zipkin\brave\brave-instrumentation-rpc\5.13.7\brave-instrumentation-rpc-5.13.7.jar;C:\athlas_sdk\maven\.m2\repository\io\zipkin\brave\brave-instrumentation-spring-rabbit\5.13.7\brave-instrumentation-spring-rabbit-5.13.7.jar;C:\athlas_sdk\maven\.m2\repository\io\zipkin\brave\brave-instrumentation-kafka-clients\5.13.7\brave-instrumentation-kafka-clients-5.13.7.jar;C:\athlas_sdk\maven\.m2\repository\io\zipkin\brave\brave-instrumentation-kafka-streams\5.13.7\brave-instrumentation-kafka-streams-5.13.7.jar;C:\athlas_sdk\maven\.m2\repository\io\zipkin\brave\brave-instrumentation-httpclient\5.13.7\brave-instrumentation-httpclient-5.13.7.jar;C:\athlas_sdk\maven\.m2\repository\io\zipkin\brave\brave-instrumentation-http\5.13.7\brave-instrumentation-http-5.13.7.jar;C:\athlas_sdk\maven\.m2\repository\io\zipkin\brave\brave-instrumentation-httpasyncclient\5.13.7\brave-instrumentation-httpasyncclient-5.13.7.jar;C:\athlas_sdk\maven\.m2\repository\io\zipkin\brave\brave-instrumentation-jms\5.13.7\brave-instrumentation-jms-5.13.7.jar;C:\athlas_sdk\maven\.m2\repository\io\zipkin\brave\brave-instrumentation-mongodb\5.13.7\brave-instrumentation-mongodb-5.13.7.jar;C:\athlas_sdk\maven\.m2\repository\io\zipkin\aws\brave-propagation-aws\0.21.3\brave-propagation-aws-0.21.3.jar;C:\athlas_sdk\maven\.m2\repository\io\zipkin\reporter2\zipkin-reporter-metrics-micrometer\2.16.3\zipkin-reporter-metrics-micrometer-2.16.3.jar;C:\athlas_sdk\maven\.m2\repository\org\springframework\cloud\spring-cloud-sleuth-zipkin\3.1.1\spring-cloud-sleuth-zipkin-3.1.1.jar;C:\athlas_sdk\maven\.m2\repository\org\springframework\cloud\spring-cloud-sleuth-instrumentation\3.1.1\spring-cloud-sleuth-instrumentation-3.1.1.jar;C:\athlas_sdk\maven\.m2\repository\org\springframework\cloud\spring-cloud-sleuth-api\3.1.1\spring-cloud-sleuth-api-3.1.1.jar;C:\athlas_sdk\maven\.m2\repository\org\springframework\cloud\spring-cloud-commons\3.1.1\spring-cloud-commons-3.1.1.jar;C:\athlas_sdk\maven\.m2\repository\org\springframework\security\spring-security-crypto\5.6.2\spring-security-crypto-5.6.2.jar;C:\athlas_sdk\maven\.m2\repository\io\zipkin\zipkin2\zipkin\2.23.2\zipkin-2.23.2.jar;C:\athlas_sdk\maven\.m2\repository\io\zipkin\reporter2\zipkin-reporter\2.16.3\zipkin-reporter-2.16.3.jar;C:\athlas_sdk\maven\.m2\repository\io\zipkin\reporter2\zipkin-reporter-brave\2.16.3\zipkin-reporter-brave-2.16.3.jar;C:\athlas_sdk\maven\.m2\repository\io\zipkin\reporter2\zipkin-sender-kafka\2.16.3\zipkin-sender-kafka-2.16.3.jar;C:\athlas_sdk\maven\.m2\repository\io\zipkin\reporter2\zipkin-sender-activemq-client\2.16.3\zipkin-sender-activemq-client-2.16.3.jar;C:\athlas_sdk\maven\.m2\repository\io\zipkin\reporter2\zipkin-sender-amqp-client\2.16.3\zipkin-sender-amqp-client-2.16.3.jar;C:\athlas_sdk\maven\.m2\repository\org\springframework\boot\spring-boot-starter-amqp\2.6.6\spring-boot-starter-amqp-2.6.6.jar;C:\athlas_sdk\maven\.m2\repository\org\springframework\spring-messaging\5.3.18\spring-messaging-5.3.18.jar;C:\athlas_sdk\maven\.m2\repository\org\springframework\amqp\spring-rabbit\2.4.3\spring-rabbit-2.4.3.jar;C:\athlas_sdk\maven\.m2\repository\org\springframework\amqp\spring-amqp\2.4.3\spring-amqp-2.4.3.jar;C:\athlas_sdk\maven\.m2\repository\org\springframework\retry\spring-retry\1.3.2\spring-retry-1.3.2.jar;C:\athlas_sdk\maven\.m2\repository\com\rabbitmq\amqp-client\5.13.1\amqp-client-5.13.1.jar;C:\athlas_sdk\maven\.m2\repository\org\springframework\spring-tx\5.3.18\spring-tx-5.3.18.jar;C:\athlas_sdk\maven\.m2\repository\org\springframework\cloud\spring-cloud-starter-openfeign\3.1.1\spring-cloud-starter-openfeign-3.1.1.jar;C:\athlas_sdk\maven\.m2\repository\org\springframework\cloud\spring-cloud-openfeign-core\3.1.1\spring-cloud-openfeign-core-3.1.1.jar;C:\athlas_sdk\maven\.m2\repository\io\github\openfeign\form\feign-form-spring\3.8.0\feign-form-spring-3.8.0.jar;C:\athlas_sdk\maven\.m2\repository\io\github\openfeign\form\feign-form\3.8.0\feign-form-3.8.0.jar;C:\athlas_sdk\maven\.m2\repository\commons-fileupload\commons-fileupload\1.4\commons-fileupload-1.4.jar;C:\athlas_sdk\maven\.m2\repository\commons-io\commons-io\2.2\commons-io-2.2.jar;C:\athlas_sdk\maven\.m2\repository\io\github\openfeign\feign-core\11.8\feign-core-11.8.jar;C:\athlas_sdk\maven\.m2\repository\io\github\openfeign\feign-slf4j\11.8\feign-slf4j-11.8.jar;C:\athlas_sdk\maven\.m2\repository\com\bl\architecture\athlas\athlas-sync-client\1.0.0\athlas-sync-client-1.0.0.jar;C:\athlas_sdk\maven\.m2\repository\org\springframework\spring-context\5.3.18\spring-context-5.3.18.jar;C:\athlas_sdk\maven\.m2\repository\ch\qos\logback\logback-classic\1.2.11\logback-classic-1.2.11.jar;C:\athlas_sdk\maven\.m2\repository\ch\qos\logback\logback-core\1.2.11\logback-core-1.2.11.jar;C:\athlas_sdk\maven\.m2\repository\jakarta\servlet\jakarta.servlet-api\4.0.4\jakarta.servlet-api-4.0.4.jar;C:\athlas_sdk\maven\.m2\repository\com\bl\architecture\athlas\athlas-log\1.0.0\athlas-log-1.0.0.jar;C:\athlas_sdk\maven\.m2\repository\org\springdoc\springdoc-openapi-webmvc-core\1.6.6\springdoc-openapi-webmvc-core-1.6.6.jar;C:\athlas_sdk\maven\.m2\repository\org\springdoc\springdoc-openapi-common\1.6.6\springdoc-openapi-common-1.6.6.jar;C:\athlas_sdk\maven\.m2\repository\io\swagger\core\v3\swagger-core\2.1.12\swagger-core-2.1.12.jar;C:\athlas_sdk\maven\.m2\repository\org\apache\commons\commons-lang3\3.12.0\commons-lang3-3.12.0.jar;C:\athlas_sdk\maven\.m2\repository\com\fasterxml\jackson\dataformat\jackson-dataformat-yaml\2.13.2\jackson-dataformat-yaml-2.13.2.jar;C:\athlas_sdk\maven\.m2\repository\io\swagger\core\v3\swagger-annotations\2.1.12\swagger-annotations-2.1.12.jar;C:\athlas_sdk\maven\.m2\repository\io\swagger\core\v3\swagger-models\2.1.12\swagger-models-2.1.12.jar;C:\athlas_sdk\maven\.m2\repository\jakarta\validation\jakarta.validation-api\2.0.2\jakarta.validation-api-2.0.2.jar;"/>
    <property name="java.vm.vendor" value="Eclipse Adoptium"/>
    <property name="sun.arch.data.model" value="64"/>
    <property name="user.variant" value=""/>
    <property name="java.vendor.url" value="https://adoptium.net/"/>
    <property name="user.timezone" value="Europe/Berlin"/>
    <property name="os.name" value="Windows 10"/>
    <property name="java.vm.specification.version" value="17"/>
    <property name="sun.java.launcher" value="SUN_STANDARD"/>
    <property name="user.country" value="ES"/>
    <property name="sun.boot.library.path" value="C:\athlas_sdk\java\jdk_17.0.1_12\bin"/>
    <property name="sun.java.command" value="C:\Users\JUAN~1.COS\AppData\Local\Temp\surefire5061093511292346633\surefirebooter6307254343137430800.jar C:\Users\juan.costa\AppData\Local\Temp\surefire5061093511292346633 2022-06-06T13-20-29_428-jvmRun1 surefire15672308916622554532tmp surefire_014096411900521836297tmp"/>
    <property name="jdk.debug" value="release"/>
    <property name="surefire.test.class.path" value="c:\bl-gitlab\ProyectoBL\msproductos\target\test-classes;c:\bl-gitlab\ProyectoBL\msproductos\target\classes;C:\athlas_sdk\maven\.m2\repository\org\springframework\boot\spring-boot-starter-web\2.6.6\spring-boot-starter-web-2.6.6.jar;C:\athlas_sdk\maven\.m2\repository\org\springframework\boot\spring-boot-starter\2.6.6\spring-boot-starter-2.6.6.jar;C:\athlas_sdk\maven\.m2\repository\org\springframework\boot\spring-boot\2.6.6\spring-boot-2.6.6.jar;C:\athlas_sdk\maven\.m2\repository\org\springframework\boot\spring-boot-autoconfigure\2.6.6\spring-boot-autoconfigure-2.6.6.jar;C:\athlas_sdk\maven\.m2\repository\org\springframework\boot\spring-boot-starter-logging\2.6.6\spring-boot-starter-logging-2.6.6.jar;C:\athlas_sdk\maven\.m2\repository\org\apache\logging\log4j\log4j-to-slf4j\2.17.2\log4j-to-slf4j-2.17.2.jar;C:\athlas_sdk\maven\.m2\repository\org\apache\logging\log4j\log4j-api\2.17.2\log4j-api-2.17.2.jar;C:\athlas_sdk\maven\.m2\repository\org\slf4j\jul-to-slf4j\1.7.36\jul-to-slf4j-1.7.36.jar;C:\athlas_sdk\maven\.m2\repository\jakarta\annotation\jakarta.annotation-api\1.3.5\jakarta.annotation-api-1.3.5.jar;C:\athlas_sdk\maven\.m2\repository\org\yaml\snakeyaml\1.29\snakeyaml-1.29.jar;C:\athlas_sdk\maven\.m2\repository\org\springframework\boot\spring-boot-starter-json\2.6.6\spring-boot-starter-json-2.6.6.jar;C:\athlas_sdk\maven\.m2\repository\com\fasterxml\jackson\datatype\jackson-datatype-jdk8\2.13.2\jackson-datatype-jdk8-2.13.2.jar;C:\athlas_sdk\maven\.m2\repository\com\fasterxml\jackson\datatype\jackson-datatype-jsr310\2.13.2\jackson-datatype-jsr310-2.13.2.jar;C:\athlas_sdk\maven\.m2\repository\com\fasterxml\jackson\module\jackson-module-parameter-names\2.13.2\jackson-module-parameter-names-2.13.2.jar;C:\athlas_sdk\maven\.m2\repository\org\springframework\boot\spring-boot-starter-tomcat\2.6.6\spring-boot-starter-tomcat-2.6.6.jar;C:\athlas_sdk\maven\.m2\repository\org\apache\tomcat\embed\tomcat-embed-core\9.0.60\tomcat-embed-core-9.0.60.jar;C:\athlas_sdk\maven\.m2\repository\org\apache\tomcat\embed\tomcat-embed-el\9.0.60\tomcat-embed-el-9.0.60.jar;C:\athlas_sdk\maven\.m2\repository\org\apache\tomcat\embed\tomcat-embed-websocket\9.0.60\tomcat-embed-websocket-9.0.60.jar;C:\athlas_sdk\maven\.m2\repository\org\springframework\spring-web\5.3.18\spring-web-5.3.18.jar;C:\athlas_sdk\maven\.m2\repository\org\springframework\spring-beans\5.3.18\spring-beans-5.3.18.jar;C:\athlas_sdk\maven\.m2\repository\org\springframework\spring-webmvc\5.3.18\spring-webmvc-5.3.18.jar;C:\athlas_sdk\maven\.m2\repository\org\springframework\spring-aop\5.3.18\spring-aop-5.3.18.jar;C:\athlas_sdk\maven\.m2\repository\org\springframework\spring-expression\5.3.18\spring-expression-5.3.18.jar;C:\athlas_sdk\maven\.m2\repository\org\mybatis\spring\boot\mybatis-spring-boot-starter\2.2.0\mybatis-spring-boot-starter-2.2.0.jar;C:\athlas_sdk\maven\.m2\repository\org\springframework\boot\spring-boot-starter-jdbc\2.6.6\spring-boot-starter-jdbc-2.6.6.jar;C:\athlas_sdk\maven\.m2\repository\com\zaxxer\HikariCP\4.0.3\HikariCP-4.0.3.jar;C:\athlas_sdk\maven\.m2\repository\org\springframework\spring-jdbc\5.3.18\spring-jdbc-5.3.18.jar;C:\athlas_sdk\maven\.m2\repository\org\mybatis\spring\boot\mybatis-spring-boot-autoconfigure\2.2.0\mybatis-spring-boot-autoconfigure-2.2.0.jar;C:\athlas_sdk\maven\.m2\repository\org\mybatis\mybatis\3.5.7\mybatis-3.5.7.jar;C:\athlas_sdk\maven\.m2\repository\org\mybatis\mybatis-spring\2.0.6\mybatis-spring-2.0.6.jar;C:\athlas_sdk\maven\.m2\repository\mysql\mysql-connector-java\8.0.29\mysql-connector-java-8.0.29.jar;C:\athlas_sdk\maven\.m2\repository\org\projectlombok\lombok\1.18.22\lombok-1.18.22.jar;C:\athlas_sdk\maven\.m2\repository\org\springframework\boot\spring-boot-starter-test\2.6.6\spring-boot-starter-test-2.6.6.jar;C:\athlas_sdk\maven\.m2\repository\org\springframework\boot\spring-boot-test\2.6.6\spring-boot-test-2.6.6.jar;C:\athlas_sdk\maven\.m2\repository\org\springframework\boot\spring-boot-test-autoconfigure\2.6.6\spring-boot-test-autoconfigure-2.6.6.jar;C:\athlas_sdk\maven\.m2\repository\com\jayway\jsonpath\json-path\2.6.0\json-path-2.6.0.jar;C:\athlas_sdk\maven\.m2\repository\net\minidev\json-smart\2.4.8\json-smart-2.4.8.jar;C:\athlas_sdk\maven\.m2\repository\net\minidev\accessors-smart\2.4.8\accessors-smart-2.4.8.jar;C:\athlas_sdk\maven\.m2\repository\org\ow2\asm\asm\9.1\asm-9.1.jar;C:\athlas_sdk\maven\.m2\repository\org\slf4j\slf4j-api\1.7.36\slf4j-api-1.7.36.jar;C:\athlas_sdk\maven\.m2\repository\jakarta\xml\bind\jakarta.xml.bind-api\2.3.3\jakarta.xml.bind-api-2.3.3.jar;C:\athlas_sdk\maven\.m2\repository\jakarta\activation\jakarta.activation-api\1.2.2\jakarta.activation-api-1.2.2.jar;C:\athlas_sdk\maven\.m2\repository\org\assertj\assertj-core\3.21.0\assertj-core-3.21.0.jar;C:\athlas_sdk\maven\.m2\repository\org\hamcrest\hamcrest\2.2\hamcrest-2.2.jar;C:\athlas_sdk\maven\.m2\repository\org\junit\jupiter\junit-jupiter\5.8.2\junit-jupiter-5.8.2.jar;C:\athlas_sdk\maven\.m2\repository\org\junit\jupiter\junit-jupiter-api\5.8.2\junit-jupiter-api-5.8.2.jar;C:\athlas_sdk\maven\.m2\repository\org\opentest4j\opentest4j\1.2.0\opentest4j-1.2.0.jar;C:\athlas_sdk\maven\.m2\repository\org\junit\platform\junit-platform-commons\1.8.2\junit-platform-commons-1.8.2.jar;C:\athlas_sdk\maven\.m2\repository\org\apiguardian\apiguardian-api\1.1.2\apiguardian-api-1.1.2.jar;C:\athlas_sdk\maven\.m2\repository\org\junit\jupiter\junit-jupiter-params\5.8.2\junit-jupiter-params-5.8.2.jar;C:\athlas_sdk\maven\.m2\repository\org\junit\jupiter\junit-jupiter-engine\5.8.2\junit-jupiter-engine-5.8.2.jar;C:\athlas_sdk\maven\.m2\repository\org\junit\platform\junit-platform-engine\1.8.2\junit-platform-engine-1.8.2.jar;C:\athlas_sdk\maven\.m2\repository\org\mockito\mockito-core\4.0.0\mockito-core-4.0.0.jar;C:\athlas_sdk\maven\.m2\repository\net\bytebuddy\byte-buddy\1.11.22\byte-buddy-1.11.22.jar;C:\athlas_sdk\maven\.m2\repository\net\bytebuddy\byte-buddy-agent\1.11.22\byte-buddy-agent-1.11.22.jar;C:\athlas_sdk\maven\.m2\repository\org\objenesis\objenesis\3.2\objenesis-3.2.jar;C:\athlas_sdk\maven\.m2\repository\org\mockito\mockito-junit-jupiter\4.0.0\mockito-junit-jupiter-4.0.0.jar;C:\athlas_sdk\maven\.m2\repository\org\skyscreamer\jsonassert\1.5.0\jsonassert-1.5.0.jar;C:\athlas_sdk\maven\.m2\repository\com\vaadin\external\google\android-json\0.0.20131108.vaadin1\android-json-0.0.20131108.vaadin1.jar;C:\athlas_sdk\maven\.m2\repository\org\springframework\spring-core\5.3.18\spring-core-5.3.18.jar;C:\athlas_sdk\maven\.m2\repository\org\springframework\spring-jcl\5.3.18\spring-jcl-5.3.18.jar;C:\athlas_sdk\maven\.m2\repository\org\springframework\spring-test\5.3.18\spring-test-5.3.18.jar;C:\athlas_sdk\maven\.m2\repository\org\xmlunit\xmlunit-core\2.8.4\xmlunit-core-2.8.4.jar;C:\athlas_sdk\maven\.m2\repository\org\keycloak\keycloak-spring-boot-starter\18.0.0\keycloak-spring-boot-starter-18.0.0.jar;C:\athlas_sdk\maven\.m2\repository\org\keycloak\keycloak-spring-boot-2-adapter\18.0.0\keycloak-spring-boot-2-adapter-18.0.0.jar;C:\athlas_sdk\maven\.m2\repository\org\keycloak\keycloak-spring-boot-adapter-core\18.0.0\keycloak-spring-boot-adapter-core-18.0.0.jar;C:\athlas_sdk\maven\.m2\repository\org\jboss\logging\jboss-logging\3.4.3.Final\jboss-logging-3.4.3.Final.jar;C:\athlas_sdk\maven\.m2\repository\org\keycloak\keycloak-core\18.0.0\keycloak-core-18.0.0.jar;C:\athlas_sdk\maven\.m2\repository\org\keycloak\keycloak-common\18.0.0\keycloak-common-18.0.0.jar;C:\athlas_sdk\maven\.m2\repository\com\sun\activation\jakarta.activation\1.2.2\jakarta.activation-1.2.2.jar;C:\athlas_sdk\maven\.m2\repository\org\bouncycastle\bcpkix-jdk15on\1.68\bcpkix-jdk15on-1.68.jar;C:\athlas_sdk\maven\.m2\repository\org\keycloak\keycloak-authz-client\18.0.0\keycloak-authz-client-18.0.0.jar;C:\athlas_sdk\maven\.m2\repository\org\apache\httpcomponents\httpclient\4.5.13\httpclient-4.5.13.jar;C:\athlas_sdk\maven\.m2\repository\commons-codec\commons-codec\1.15\commons-codec-1.15.jar;C:\athlas_sdk\maven\.m2\repository\org\keycloak\spring-boot-container-bundle\18.0.0\spring-boot-container-bundle-18.0.0.jar;C:\athlas_sdk\maven\.m2\repository\org\keycloak\keycloak-adapter-core\18.0.0\keycloak-adapter-core-18.0.0.jar;C:\athlas_sdk\maven\.m2\repository\org\keycloak\keycloak-spring-security-adapter\18.0.0\keycloak-spring-security-adapter-18.0.0.jar;C:\athlas_sdk\maven\.m2\repository\org\keycloak\keycloak-adapter-spi\18.0.0\keycloak-adapter-spi-18.0.0.jar;C:\athlas_sdk\maven\.m2\repository\org\bouncycastle\bcprov-jdk15on\1.68\bcprov-jdk15on-1.68.jar;C:\athlas_sdk\maven\.m2\repository\com\fasterxml\jackson\core\jackson-core\2.13.2\jackson-core-2.13.2.jar;C:\athlas_sdk\maven\.m2\repository\com\fasterxml\jackson\core\jackson-annotations\2.13.2\jackson-annotations-2.13.2.jar;C:\athlas_sdk\maven\.m2\repository\org\springframework\cloud\spring-cloud-starter-bootstrap\3.1.1\spring-cloud-starter-bootstrap-3.1.1.jar;C:\athlas_sdk\maven\.m2\repository\org\springframework\cloud\spring-cloud-starter\3.1.1\spring-cloud-starter-3.1.1.jar;C:\athlas_sdk\maven\.m2\repository\org\springframework\cloud\spring-cloud-context\3.1.1\spring-cloud-context-3.1.1.jar;C:\athlas_sdk\maven\.m2\repository\org\springframework\security\spring-security-rsa\1.0.10.RELEASE\spring-security-rsa-1.0.10.RELEASE.jar;C:\athlas_sdk\maven\.m2\repository\org\springframework\cloud\spring-cloud-starter-config\3.1.1\spring-cloud-starter-config-3.1.1.jar;C:\athlas_sdk\maven\.m2\repository\org\springframework\cloud\spring-cloud-config-client\3.1.1\spring-cloud-config-client-3.1.1.jar;C:\athlas_sdk\maven\.m2\repository\com\fasterxml\jackson\core\jackson-databind\2.13.2.2\jackson-databind-2.13.2.2.jar;C:\athlas_sdk\maven\.m2\repository\org\springframework\cloud\spring-cloud-starter-consul-discovery\3.1.0\spring-cloud-starter-consul-discovery-3.1.0.jar;C:\athlas_sdk\maven\.m2\repository\org\springframework\cloud\spring-cloud-starter-consul\3.1.0\spring-cloud-starter-consul-3.1.0.jar;C:\athlas_sdk\maven\.m2\repository\org\springframework\cloud\spring-cloud-consul-core\3.1.0\spring-cloud-consul-core-3.1.0.jar;C:\athlas_sdk\maven\.m2\repository\org\springframework\boot\spring-boot-starter-validation\2.6.6\spring-boot-starter-validation-2.6.6.jar;C:\athlas_sdk\maven\.m2\repository\org\hibernate\validator\hibernate-validator\6.2.3.Final\hibernate-validator-6.2.3.Final.jar;C:\athlas_sdk\maven\.m2\repository\com\fasterxml\classmate\1.5.1\classmate-1.5.1.jar;C:\athlas_sdk\maven\.m2\repository\com\ecwid\consul\consul-api\1.4.5\consul-api-1.4.5.jar;C:\athlas_sdk\maven\.m2\repository\com\google\code\gson\gson\2.8.9\gson-2.8.9.jar;C:\athlas_sdk\maven\.m2\repository\org\apache\httpcomponents\httpcore\4.4.15\httpcore-4.4.15.jar;C:\athlas_sdk\maven\.m2\repository\org\springframework\cloud\spring-cloud-consul-discovery\3.1.0\spring-cloud-consul-discovery-3.1.0.jar;C:\athlas_sdk\maven\.m2\repository\org\springframework\cloud\spring-cloud-starter-loadbalancer\3.1.1\spring-cloud-starter-loadbalancer-3.1.1.jar;C:\athlas_sdk\maven\.m2\repository\org\springframework\cloud\spring-cloud-loadbalancer\3.1.1\spring-cloud-loadbalancer-3.1.1.jar;C:\athlas_sdk\maven\.m2\repository\io\projectreactor\reactor-core\3.4.16\reactor-core-3.4.16.jar;C:\athlas_sdk\maven\.m2\repository\org\reactivestreams\reactive-streams\1.0.3\reactive-streams-1.0.3.jar;C:\athlas_sdk\maven\.m2\repository\io\projectreactor\addons\reactor-extra\3.4.7\reactor-extra-3.4.7.jar;C:\athlas_sdk\maven\.m2\repository\org\springframework\boot\spring-boot-starter-cache\2.6.6\spring-boot-starter-cache-2.6.6.jar;C:\athlas_sdk\maven\.m2\repository\org\springframework\spring-context-support\5.3.18\spring-context-support-5.3.18.jar;C:\athlas_sdk\maven\.m2\repository\com\stoyanr\evictor\1.0.0\evictor-1.0.0.jar;C:\athlas_sdk\maven\.m2\repository\org\springframework\boot\spring-boot-starter-actuator\2.6.6\spring-boot-starter-actuator-2.6.6.jar;C:\athlas_sdk\maven\.m2\repository\org\springframework\boot\spring-boot-actuator-autoconfigure\2.6.6\spring-boot-actuator-autoconfigure-2.6.6.jar;C:\athlas_sdk\maven\.m2\repository\org\springframework\boot\spring-boot-actuator\2.6.6\spring-boot-actuator-2.6.6.jar;C:\athlas_sdk\maven\.m2\repository\io\micrometer\micrometer-core\1.8.4\micrometer-core-1.8.4.jar;C:\athlas_sdk\maven\.m2\repository\org\hdrhistogram\HdrHistogram\2.1.12\HdrHistogram-2.1.12.jar;C:\athlas_sdk\maven\.m2\repository\org\latencyutils\LatencyUtils\2.0.3\LatencyUtils-2.0.3.jar;C:\athlas_sdk\maven\.m2\repository\org\springframework\cloud\spring-cloud-starter-sleuth\3.1.1\spring-cloud-starter-sleuth-3.1.1.jar;C:\athlas_sdk\maven\.m2\repository\org\springframework\boot\spring-boot-starter-aop\2.6.6\spring-boot-starter-aop-2.6.6.jar;C:\athlas_sdk\maven\.m2\repository\org\aspectj\aspectjweaver\1.9.7\aspectjweaver-1.9.7.jar;C:\athlas_sdk\maven\.m2\repository\org\springframework\cloud\spring-cloud-sleuth-autoconfigure\3.1.1\spring-cloud-sleuth-autoconfigure-3.1.1.jar;C:\athlas_sdk\maven\.m2\repository\org\aspectj\aspectjrt\1.9.7\aspectjrt-1.9.7.jar;C:\athlas_sdk\maven\.m2\repository\org\springframework\cloud\spring-cloud-sleuth-brave\3.1.1\spring-cloud-sleuth-brave-3.1.1.jar;C:\athlas_sdk\maven\.m2\repository\io\zipkin\brave\brave\5.13.7\brave-5.13.7.jar;C:\athlas_sdk\maven\.m2\repository\io\zipkin\brave\brave-context-slf4j\5.13.7\brave-context-slf4j-5.13.7.jar;C:\athlas_sdk\maven\.m2\repository\io\zipkin\brave\brave-instrumentation-messaging\5.13.7\brave-instrumentation-messaging-5.13.7.jar;C:\athlas_sdk\maven\.m2\repository\io\zipkin\brave\brave-instrumentation-rpc\5.13.7\brave-instrumentation-rpc-5.13.7.jar;C:\athlas_sdk\maven\.m2\repository\io\zipkin\brave\brave-instrumentation-spring-rabbit\5.13.7\brave-instrumentation-spring-rabbit-5.13.7.jar;C:\athlas_sdk\maven\.m2\repository\io\zipkin\brave\brave-instrumentation-kafka-clients\5.13.7\brave-instrumentation-kafka-clients-5.13.7.jar;C:\athlas_sdk\maven\.m2\repository\io\zipkin\brave\brave-instrumentation-kafka-streams\5.13.7\brave-instrumentation-kafka-streams-5.13.7.jar;C:\athlas_sdk\maven\.m2\repository\io\zipkin\brave\brave-instrumentation-httpclient\5.13.7\brave-instrumentation-httpclient-5.13.7.jar;C:\athlas_sdk\maven\.m2\repository\io\zipkin\brave\brave-instrumentation-http\5.13.7\brave-instrumentation-http-5.13.7.jar;C:\athlas_sdk\maven\.m2\repository\io\zipkin\brave\brave-instrumentation-httpasyncclient\5.13.7\brave-instrumentation-httpasyncclient-5.13.7.jar;C:\athlas_sdk\maven\.m2\repository\io\zipkin\brave\brave-instrumentation-jms\5.13.7\brave-instrumentation-jms-5.13.7.jar;C:\athlas_sdk\maven\.m2\repository\io\zipkin\brave\brave-instrumentation-mongodb\5.13.7\brave-instrumentation-mongodb-5.13.7.jar;C:\athlas_sdk\maven\.m2\repository\io\zipkin\aws\brave-propagation-aws\0.21.3\brave-propagation-aws-0.21.3.jar;C:\athlas_sdk\maven\.m2\repository\io\zipkin\reporter2\zipkin-reporter-metrics-micrometer\2.16.3\zipkin-reporter-metrics-micrometer-2.16.3.jar;C:\athlas_sdk\maven\.m2\repository\org\springframework\cloud\spring-cloud-sleuth-zipkin\3.1.1\spring-cloud-sleuth-zipkin-3.1.1.jar;C:\athlas_sdk\maven\.m2\repository\org\springframework\cloud\spring-cloud-sleuth-instrumentation\3.1.1\spring-cloud-sleuth-instrumentation-3.1.1.jar;C:\athlas_sdk\maven\.m2\repository\org\springframework\cloud\spring-cloud-sleuth-api\3.1.1\spring-cloud-sleuth-api-3.1.1.jar;C:\athlas_sdk\maven\.m2\repository\org\springframework\cloud\spring-cloud-commons\3.1.1\spring-cloud-commons-3.1.1.jar;C:\athlas_sdk\maven\.m2\repository\org\springframework\security\spring-security-crypto\5.6.2\spring-security-crypto-5.6.2.jar;C:\athlas_sdk\maven\.m2\repository\io\zipkin\zipkin2\zipkin\2.23.2\zipkin-2.23.2.jar;C:\athlas_sdk\maven\.m2\repository\io\zipkin\reporter2\zipkin-reporter\2.16.3\zipkin-reporter-2.16.3.jar;C:\athlas_sdk\maven\.m2\repository\io\zipkin\reporter2\zipkin-reporter-brave\2.16.3\zipkin-reporter-brave-2.16.3.jar;C:\athlas_sdk\maven\.m2\repository\io\zipkin\reporter2\zipkin-sender-kafka\2.16.3\zipkin-sender-kafka-2.16.3.jar;C:\athlas_sdk\maven\.m2\repository\io\zipkin\reporter2\zipkin-sender-activemq-client\2.16.3\zipkin-sender-activemq-client-2.16.3.jar;C:\athlas_sdk\maven\.m2\repository\io\zipkin\reporter2\zipkin-sender-amqp-client\2.16.3\zipkin-sender-amqp-client-2.16.3.jar;C:\athlas_sdk\maven\.m2\repository\org\springframework\boot\spring-boot-starter-amqp\2.6.6\spring-boot-starter-amqp-2.6.6.jar;C:\athlas_sdk\maven\.m2\repository\org\springframework\spring-messaging\5.3.18\spring-messaging-5.3.18.jar;C:\athlas_sdk\maven\.m2\repository\org\springframework\amqp\spring-rabbit\2.4.3\spring-rabbit-2.4.3.jar;C:\athlas_sdk\maven\.m2\repository\org\springframework\amqp\spring-amqp\2.4.3\spring-amqp-2.4.3.jar;C:\athlas_sdk\maven\.m2\repository\org\springframework\retry\spring-retry\1.3.2\spring-retry-1.3.2.jar;C:\athlas_sdk\maven\.m2\repository\com\rabbitmq\amqp-client\5.13.1\amqp-client-5.13.1.jar;C:\athlas_sdk\maven\.m2\repository\org\springframework\spring-tx\5.3.18\spring-tx-5.3.18.jar;C:\athlas_sdk\maven\.m2\repository\org\springframework\cloud\spring-cloud-starter-openfeign\3.1.1\spring-cloud-starter-openfeign-3.1.1.jar;C:\athlas_sdk\maven\.m2\repository\org\springframework\cloud\spring-cloud-openfeign-core\3.1.1\spring-cloud-openfeign-core-3.1.1.jar;C:\athlas_sdk\maven\.m2\repository\io\github\openfeign\form\feign-form-spring\3.8.0\feign-form-spring-3.8.0.jar;C:\athlas_sdk\maven\.m2\repository\io\github\openfeign\form\feign-form\3.8.0\feign-form-3.8.0.jar;C:\athlas_sdk\maven\.m2\repository\commons-fileupload\commons-fileupload\1.4\commons-fileupload-1.4.jar;C:\athlas_sdk\maven\.m2\repository\commons-io\commons-io\2.2\commons-io-2.2.jar;C:\athlas_sdk\maven\.m2\repository\io\github\openfeign\feign-core\11.8\feign-core-11.8.jar;C:\athlas_sdk\maven\.m2\repository\io\github\openfeign\feign-slf4j\11.8\feign-slf4j-11.8.jar;C:\athlas_sdk\maven\.m2\repository\com\bl\architecture\athlas\athlas-sync-client\1.0.0\athlas-sync-client-1.0.0.jar;C:\athlas_sdk\maven\.m2\repository\org\springframework\spring-context\5.3.18\spring-context-5.3.18.jar;C:\athlas_sdk\maven\.m2\repository\ch\qos\logback\logback-classic\1.2.11\logback-classic-1.2.11.jar;C:\athlas_sdk\maven\.m2\repository\ch\qos\logback\logback-core\1.2.11\logback-core-1.2.11.jar;C:\athlas_sdk\maven\.m2\repository\jakarta\servlet\jakarta.servlet-api\4.0.4\jakarta.servlet-api-4.0.4.jar;C:\athlas_sdk\maven\.m2\repository\com\bl\architecture\athlas\athlas-log\1.0.0\athlas-log-1.0.0.jar;C:\athlas_sdk\maven\.m2\repository\org\springdoc\springdoc-openapi-webmvc-core\1.6.6\springdoc-openapi-webmvc-core-1.6.6.jar;C:\athlas_sdk\maven\.m2\repository\org\springdoc\springdoc-openapi-common\1.6.6\springdoc-openapi-common-1.6.6.jar;C:\athlas_sdk\maven\.m2\repository\io\swagger\core\v3\swagger-core\2.1.12\swagger-core-2.1.12.jar;C:\athlas_sdk\maven\.m2\repository\org\apache\commons\commons-lang3\3.12.0\commons-lang3-3.12.0.jar;C:\athlas_sdk\maven\.m2\repository\com\fasterxml\jackson\dataformat\jackson-dataformat-yaml\2.13.2\jackson-dataformat-yaml-2.13.2.jar;C:\athlas_sdk\maven\.m2\repository\io\swagger\core\v3\swagger-annotations\2.1.12\swagger-annotations-2.1.12.jar;C:\athlas_sdk\maven\.m2\repository\io\swagger\core\v3\swagger-models\2.1.12\swagger-models-2.1.12.jar;C:\athlas_sdk\maven\.m2\repository\jakarta\validation\jakarta.validation-api\2.0.2\jakarta.validation-api-2.0.2.jar;"/>
    <property name="sun.cpu.endian" value="little"/>
    <property name="user.home" value="C:\Users\juan.costa"/>
    <property name="user.language" value="es"/>
    <property name="java.specification.vendor" value="Oracle Corporation"/>
    <property name="java.version.date" value="2021-10-19"/>
    <property name="java.home" value="C:\athlas_sdk\java\jdk_17.0.1_12"/>
    <property name="file.separator" value="\"/>
    <property name="basedir" value="c:\bl-gitlab\ProyectoBL\msproductos"/>
    <property name="java.vm.compressedOopsMode" value="Zero based"/>
    <property name="line.separator" value="&#10;"/>
    <property name="java.vm.specification.vendor" value="Oracle Corporation"/>
    <property name="java.specification.name" value="Java Platform API Specification"/>
    <property name="surefire.real.class.path" value="C:\Users\JUAN~1.COS\AppData\Local\Temp\surefire5061093511292346633\surefirebooter6307254343137430800.jar"/>
    <property name="user.script" value=""/>
    <property name="sun.management.compiler" value="HotSpot 64-Bit Tiered Compilers"/>
    <property name="java.runtime.version" value="17.0.1+12"/>
    <property name="user.name" value="juan.costa"/>
    <property name="path.separator" value=";"/>
    <property name="os.version" value="10.0"/>
    <property name="java.runtime.name" value="OpenJDK Runtime Environment"/>
    <property name="file.encoding" value="Cp1252"/>
    <property name="java.vm.name" value="OpenJDK 64-Bit Server VM"/>
    <property name="java.vendor.version" value="Temurin-17.0.1+12"/>
    <property name="localRepository" value="C:\athlas_sdk\maven\.m2\repository"/>
    <property name="java.vendor.url.bug" value="https://github.com/adoptium/adoptium-support/issues"/>
    <property name="java.io.tmpdir" value="C:\Users\JUAN~1.COS\AppData\Local\Temp\"/>
    <property name="java.version" value="17.0.1"/>
    <property name="user.dir" value="c:\bl-gitlab\ProyectoBL\msproductos"/>
    <property name="os.arch" value="amd64"/>
    <property name="java.vm.specification.name" value="Java Virtual Machine Specification"/>
    <property name="sun.os.patch.level" value=""/>
    <property name="native.encoding" value="Cp1252"/>
    <property name="java.library.path" value="C:\athlas_sdk\java\jdk_17.0.1_12\bin;C:\Windows\Sun\Java\bin;C:\Windows\system32;C:\Windows;C:\athlas_sdk\java\jdk_17.0.1_12\bin;C:\Program Files (x86)\VMware\VMware Player\bin\;C:\Oracle\product\11.2.0\client_1\bin;C:\Windows\system32;C:\Windows;C:\Windows\System32\Wbem;C:\Windows\System32\WindowsPowerShell\v1.0\;C:\Windows\System32\OpenSSH\;C:\athlas_sdk\maven\bin;C:\athlas_sdk\nodejs\;C:\athlas_sdk\git\cmd;C:\athlas_sdk\docker;C:\athlas_sdk\docker;C:\Users\juan.costa\AppData\Local\Microsoft\WindowsApps;C:\Users\juan.costa\AppData\Roaming\npm;C:\athlas_sdk\vscode\Microsoft VS Code\bin;."/>
    <property name="java.vm.info" value="mixed mode, sharing"/>
    <property name="java.vendor" value="Eclipse Adoptium"/>
    <property name="java.vm.version" value="17.0.1+12"/>
    <property name="sun.io.unicode.encoding" value="UnicodeLittle"/>
    <property name="java.class.version" value="61.0"/>
  </properties>
  <testcase name="contextLoads" classname="com.bl.bootcamp.msproductos.MsproductosApplicationTests" time="0.478"/>
</testsuite>